[debug] [2018-03-22T14:28:09.813Z] ----------------------------------------------------------------------
[debug] [2018-03-22T14:28:09.816Z] Command:       C:\Users\arc4clj\scoop\apps\nodejs\current\node.exe C:\Users\arc4clj\AppData\Local\Yarn\Data\global\node_modules\firebase-tools\bin\firebase deploy
[debug] [2018-03-22T14:28:09.817Z] CLI Version:   3.17.7
[debug] [2018-03-22T14:28:09.817Z] Platform:      win32
[debug] [2018-03-22T14:28:09.817Z] Node Version:  v9.8.0
[debug] [2018-03-22T14:28:09.820Z] Time:          Thu Mar 22 2018 16:28:09 GMT+0200 (E. Europe Standard Time)
[debug] [2018-03-22T14:28:09.820Z] ----------------------------------------------------------------------
[debug] 
[debug] [2018-03-22T14:28:09.864Z] > command requires scopes: ["email","openid","https://www.googleapis.com/auth/cloudplatformprojects.readonly","https://www.googleapis.com/auth/firebase","https://www.googleapis.com/auth/cloud-platform"]
[debug] [2018-03-22T14:28:09.865Z] > authorizing via signed-in user
[debug] [2018-03-22T14:28:09.866Z] > refreshing access token with scopes: ["email","https://www.googleapis.com/auth/cloud-platform","https://www.googleapis.com/auth/cloudplatformprojects.readonly","https://www.googleapis.com/auth/firebase","openid"]
[debug] [2018-03-22T14:28:09.867Z] >>> HTTP REQUEST POST https://www.googleapis.com/oauth2/v3/token  
 { refresh_token: '1/iGdYLYFk3b7oaSiImF426oKkk56Z-t0c5WCLcJrX2MM',
  client_id: '563584335869-fgrhgmd47bqnekij5i8b5pr03ho849e6.apps.googleusercontent.com',
  client_secret: 'j9iVZfS8kkCEFUPaAeJV0sAi',
  grant_type: 'refresh_token',
  scope: 'email https://www.googleapis.com/auth/cloud-platform https://www.googleapis.com/auth/cloudplatformprojects.readonly https://www.googleapis.com/auth/firebase openid' } 
 Thu Mar 22 2018 16:28:09 GMT+0200 (E. Europe Standard Time)
[debug] [2018-03-22T14:28:13.785Z] <<< HTTP RESPONSE 200
[debug] [2018-03-22T14:28:13.798Z] >>> HTTP REQUEST GET https://admin.firebase.com/v1/projects/refactored-octo-invention-505a  
  
 Thu Mar 22 2018 16:28:13 GMT+0200 (E. Europe Standard Time)
[debug] [2018-03-22T14:28:17.100Z] <<< HTTP RESPONSE 200
[debug] [2018-03-22T14:28:17.101Z] >>> HTTP REQUEST GET https://admin.firebase.com/v1/database/refactored-octo-invention-505a/tokens  
  
 Thu Mar 22 2018 16:28:17 GMT+0200 (E. Europe Standard Time)
[debug] [2018-03-22T14:28:20.443Z] <<< HTTP RESPONSE 200
